<?xml version="1.0" encoding="UTF-8"?>
<testng-results skipped="0" failed="0" total="2" passed="2">
  <reporter-output>
  </reporter-output>
  <suite name="Default suite" duration-ms="30" started-at="2024-12-24T09:31:09Z" finished-at="2024-12-24T09:31:09Z">
    <groups>
    </groups>
    <test name="Default test" duration-ms="30" started-at="2024-12-24T09:31:09Z" finished-at="2024-12-24T09:31:09Z">
      <class name="com.rameshsoft.automation.testngprog.ExamTestNg_Prog">
        <test-method status="PASS" signature="hardwork()[pri:0, instance:com.rameshsoft.automation.testngprog.ExamTestNg_Prog@7946e1f4]" name="hardwork" duration-ms="9" started-at="2024-12-24T15:01:09Z" finished-at="2024-12-24T15:01:09Z">
          <reporter-output>
          </reporter-output>
        </test-method> <!-- hardwork -->
        <test-method status="PASS" signature="job()[pri:0, instance:com.rameshsoft.automation.testngprog.ExamTestNg_Prog@7946e1f4]" name="job" duration-ms="1" started-at="2024-12-24T15:01:09Z" finished-at="2024-12-24T15:01:09Z">
          <reporter-output>
          </reporter-output>
        </test-method> <!-- job -->
      </class> <!-- com.rameshsoft.automation.testngprog.ExamTestNg_Prog -->
    </test> <!-- Default test -->
  </suite> <!-- Default suite -->
</testng-results>
